c:\users\ssuresh\dev\students\ch13\ssuresh\semester 1\prog 1 c\opengl framework-sid\opengl framework\debug\vc140.pdb
c:\users\ssuresh\dev\students\ch13\ssuresh\semester 1\prog 1 c\opengl framework-sid\opengl framework\debug\statemanager.obj
c:\users\ssuresh\dev\students\ch13\ssuresh\semester 1\prog 1 c\opengl framework-sid\opengl framework\debug\spritedemomanager.obj
c:\users\ssuresh\dev\students\ch13\ssuresh\semester 1\prog 1 c\opengl framework-sid\opengl framework\debug\shapedraw.obj
c:\users\ssuresh\dev\students\ch13\ssuresh\semester 1\prog 1 c\opengl framework-sid\opengl framework\debug\random.obj
c:\users\ssuresh\dev\students\ch13\ssuresh\semester 1\prog 1 c\opengl framework-sid\opengl framework\debug\openglstuff.obj
c:\users\ssuresh\dev\students\ch13\ssuresh\semester 1\prog 1 c\opengl framework-sid\opengl framework\debug\openglframework.obj
c:\users\ssuresh\dev\students\ch13\ssuresh\semester 1\prog 1 c\opengl framework-sid\opengl framework\debug\object.obj
c:\users\ssuresh\dev\students\ch13\ssuresh\semester 1\prog 1 c\opengl framework-sid\opengl framework\debug\keyprocess.obj
c:\users\ssuresh\dev\students\ch13\ssuresh\semester 1\prog 1 c\opengl framework-sid\opengl framework\debug\inputmanager.obj
c:\users\ssuresh\dev\students\ch13\ssuresh\semester 1\prog 1 c\opengl framework-sid\opengl framework\debug\game.obj
c:\users\ssuresh\dev\students\ch13\ssuresh\semester 1\prog 1 c\opengl framework-sid\opengl framework\debug\fieldmanager.obj
c:\users\ssuresh\dev\students\ch13\ssuresh\semester 1\prog 1 c\opengl framework-sid\opengl framework\debug\field.obj
c:\users\ssuresh\dev\students\ch13\ssuresh\semester 1\prog 1 c\opengl framework-sid\opengl framework\debug\ballmanager.obj
c:\users\ssuresh\dev\students\ch13\ssuresh\semester 1\prog 1 c\opengl framework-sid\opengl framework\debug\ball.obj
c:\users\ssuresh\dev\students\ch13\ssuresh\semester 1\prog 1 c\opengl framework-sid\opengl framework\debug\xboxcontroller.obj
c:\users\ssuresh\dev\students\ch13\ssuresh\semester 1\prog 1 c\opengl framework-sid\opengl framework\debug\b2contactmanager.obj
c:\users\ssuresh\dev\students\ch13\ssuresh\semester 1\prog 1 c\opengl framework-sid\opengl framework\debug\b2body.obj
c:\users\ssuresh\dev\students\ch13\ssuresh\semester 1\prog 1 c\opengl framework-sid\opengl framework\debug\b2timer.obj
c:\users\ssuresh\dev\students\ch13\ssuresh\semester 1\prog 1 c\opengl framework-sid\opengl framework\debug\b2stackallocator.obj
c:\users\ssuresh\dev\students\ch13\ssuresh\semester 1\prog 1 c\opengl framework-sid\opengl framework\debug\b2settings.obj
c:\users\ssuresh\dev\students\ch13\ssuresh\semester 1\prog 1 c\opengl framework-sid\opengl framework\debug\b2math.obj
c:\users\ssuresh\dev\students\ch13\ssuresh\semester 1\prog 1 c\opengl framework-sid\opengl framework\debug\b2draw.obj
c:\users\ssuresh\dev\students\ch13\ssuresh\semester 1\prog 1 c\opengl framework-sid\opengl framework\debug\b2blockallocator.obj
c:\users\ssuresh\dev\students\ch13\ssuresh\semester 1\prog 1 c\opengl framework-sid\opengl framework\debug\b2polygonshape.obj
c:\users\ssuresh\dev\students\ch13\ssuresh\semester 1\prog 1 c\opengl framework-sid\opengl framework\debug\b2edgeshape.obj
c:\users\ssuresh\dev\students\ch13\ssuresh\semester 1\prog 1 c\opengl framework-sid\opengl framework\debug\b2circleshape.obj
c:\users\ssuresh\dev\students\ch13\ssuresh\semester 1\prog 1 c\opengl framework-sid\opengl framework\debug\b2chainshape.obj
c:\users\ssuresh\dev\students\ch13\ssuresh\semester 1\prog 1 c\opengl framework-sid\opengl framework\debug\b2timeofimpact.obj
c:\users\ssuresh\dev\students\ch13\ssuresh\semester 1\prog 1 c\opengl framework-sid\opengl framework\debug\b2dynamictree.obj
c:\users\ssuresh\dev\students\ch13\ssuresh\semester 1\prog 1 c\opengl framework-sid\opengl framework\debug\b2distance.obj
c:\users\ssuresh\dev\students\ch13\ssuresh\semester 1\prog 1 c\opengl framework-sid\opengl framework\debug\b2collision.obj
c:\users\ssuresh\dev\students\ch13\ssuresh\semester 1\prog 1 c\opengl framework-sid\opengl framework\debug\b2collidepolygon.obj
c:\users\ssuresh\dev\students\ch13\ssuresh\semester 1\prog 1 c\opengl framework-sid\opengl framework\debug\b2collideedge.obj
c:\users\ssuresh\dev\students\ch13\ssuresh\semester 1\prog 1 c\opengl framework-sid\opengl framework\debug\b2collidecircle.obj
c:\users\ssuresh\dev\students\ch13\ssuresh\semester 1\prog 1 c\opengl framework-sid\opengl framework\debug\b2broadphase.obj
c:\users\ssuresh\dev\students\ch13\ssuresh\semester 1\prog 1 c\opengl framework-sid\opengl framework\debug\b2prismaticjoint.obj
c:\users\ssuresh\dev\students\ch13\ssuresh\semester 1\prog 1 c\opengl framework-sid\opengl framework\debug\b2mousejoint.obj
c:\users\ssuresh\dev\students\ch13\ssuresh\semester 1\prog 1 c\opengl framework-sid\opengl framework\debug\b2motorjoint.obj
c:\users\ssuresh\dev\students\ch13\ssuresh\semester 1\prog 1 c\opengl framework-sid\opengl framework\debug\b2joint.obj
c:\users\ssuresh\dev\students\ch13\ssuresh\semester 1\prog 1 c\opengl framework-sid\opengl framework\debug\b2gearjoint.obj
c:\users\ssuresh\dev\students\ch13\ssuresh\semester 1\prog 1 c\opengl framework-sid\opengl framework\debug\b2frictionjoint.obj
c:\users\ssuresh\dev\students\ch13\ssuresh\semester 1\prog 1 c\opengl framework-sid\opengl framework\debug\b2distancejoint.obj
c:\users\ssuresh\dev\students\ch13\ssuresh\semester 1\prog 1 c\opengl framework-sid\opengl framework\debug\b2polygoncontact.obj
c:\users\ssuresh\dev\students\ch13\ssuresh\semester 1\prog 1 c\opengl framework-sid\opengl framework\debug\b2polygonandcirclecontact.obj
c:\users\ssuresh\dev\students\ch13\ssuresh\semester 1\prog 1 c\opengl framework-sid\opengl framework\debug\b2edgeandpolygoncontact.obj
c:\users\ssuresh\dev\students\ch13\ssuresh\semester 1\prog 1 c\opengl framework-sid\opengl framework\debug\b2edgeandcirclecontact.obj
c:\users\ssuresh\dev\students\ch13\ssuresh\semester 1\prog 1 c\opengl framework-sid\opengl framework\debug\b2contactsolver.obj
c:\users\ssuresh\dev\students\ch13\ssuresh\semester 1\prog 1 c\opengl framework-sid\opengl framework\debug\b2contact.obj
c:\users\ssuresh\dev\students\ch13\ssuresh\semester 1\prog 1 c\opengl framework-sid\opengl framework\debug\b2circlecontact.obj
c:\users\ssuresh\dev\students\ch13\ssuresh\semester 1\prog 1 c\opengl framework-sid\opengl framework\debug\b2chainandpolygoncontact.obj
c:\users\ssuresh\dev\students\ch13\ssuresh\semester 1\prog 1 c\opengl framework-sid\opengl framework\debug\b2chainandcirclecontact.obj
c:\users\ssuresh\dev\students\ch13\ssuresh\semester 1\prog 1 c\opengl framework-sid\opengl framework\debug\b2worldcallbacks.obj
c:\users\ssuresh\dev\students\ch13\ssuresh\semester 1\prog 1 c\opengl framework-sid\opengl framework\debug\b2world.obj
c:\users\ssuresh\dev\students\ch13\ssuresh\semester 1\prog 1 c\opengl framework-sid\opengl framework\debug\b2island.obj
c:\users\ssuresh\dev\students\ch13\ssuresh\semester 1\prog 1 c\opengl framework-sid\opengl framework\debug\b2fixture.obj
c:\users\ssuresh\dev\students\ch13\ssuresh\semester 1\prog 1 c\opengl framework-sid\opengl framework\debug\b2rope.obj
c:\users\ssuresh\dev\students\ch13\ssuresh\semester 1\prog 1 c\opengl framework-sid\opengl framework\debug\b2wheeljoint.obj
c:\users\ssuresh\dev\students\ch13\ssuresh\semester 1\prog 1 c\opengl framework-sid\opengl framework\debug\b2weldjoint.obj
c:\users\ssuresh\dev\students\ch13\ssuresh\semester 1\prog 1 c\opengl framework-sid\opengl framework\debug\b2ropejoint.obj
c:\users\ssuresh\dev\students\ch13\ssuresh\semester 1\prog 1 c\opengl framework-sid\opengl framework\debug\b2revolutejoint.obj
c:\users\ssuresh\dev\students\ch13\ssuresh\semester 1\prog 1 c\opengl framework-sid\opengl framework\debug\b2pulleyjoint.obj
c:\users\ssuresh\dev\students\ch13\ssuresh\semester 1\prog 1 c\opengl framework-sid\opengl framework\debug\playermanager.obj
c:\users\ssuresh\dev\students\ch13\ssuresh\semester 1\prog 1 c\opengl framework-sid\opengl framework\debug\player.obj
c:\users\ssuresh\dev\students\ch13\ssuresh\semester 1\prog 1 c\air hockey\debug\vc140.pdb
c:\users\ssuresh\dev\students\ch13\ssuresh\semester 1\prog 1 c\air hockey\debug\b2contactmanager.obj
c:\users\ssuresh\dev\students\ch13\ssuresh\semester 1\prog 1 c\air hockey\debug\game.obj
c:\users\ssuresh\dev\students\ch13\ssuresh\semester 1\prog 1 c\air hockey\debug\xboxcontroller.obj
c:\users\ssuresh\dev\students\ch13\ssuresh\semester 1\prog 1 c\air hockey\debug\b2body.obj
c:\users\ssuresh\dev\students\ch13\ssuresh\semester 1\prog 1 c\air hockey\debug\b2timer.obj
c:\users\ssuresh\dev\students\ch13\ssuresh\semester 1\prog 1 c\air hockey\debug\b2stackallocator.obj
c:\users\ssuresh\dev\students\ch13\ssuresh\semester 1\prog 1 c\air hockey\debug\b2settings.obj
c:\users\ssuresh\dev\students\ch13\ssuresh\semester 1\prog 1 c\air hockey\debug\b2math.obj
c:\users\ssuresh\dev\students\ch13\ssuresh\semester 1\prog 1 c\air hockey\debug\b2draw.obj
c:\users\ssuresh\dev\students\ch13\ssuresh\semester 1\prog 1 c\air hockey\debug\b2blockallocator.obj
c:\users\ssuresh\dev\students\ch13\ssuresh\semester 1\prog 1 c\air hockey\debug\b2polygonshape.obj
c:\users\ssuresh\dev\students\ch13\ssuresh\semester 1\prog 1 c\air hockey\debug\b2edgeshape.obj
c:\users\ssuresh\dev\students\ch13\ssuresh\semester 1\prog 1 c\air hockey\debug\b2circleshape.obj
c:\users\ssuresh\dev\students\ch13\ssuresh\semester 1\prog 1 c\air hockey\debug\b2chainshape.obj
c:\users\ssuresh\dev\students\ch13\ssuresh\semester 1\prog 1 c\air hockey\debug\b2timeofimpact.obj
c:\users\ssuresh\dev\students\ch13\ssuresh\semester 1\prog 1 c\air hockey\debug\b2dynamictree.obj
c:\users\ssuresh\dev\students\ch13\ssuresh\semester 1\prog 1 c\air hockey\debug\b2distance.obj
c:\users\ssuresh\dev\students\ch13\ssuresh\semester 1\prog 1 c\air hockey\debug\b2collision.obj
c:\users\ssuresh\dev\students\ch13\ssuresh\semester 1\prog 1 c\air hockey\debug\b2collidepolygon.obj
c:\users\ssuresh\dev\students\ch13\ssuresh\semester 1\prog 1 c\air hockey\debug\b2collideedge.obj
c:\users\ssuresh\dev\students\ch13\ssuresh\semester 1\prog 1 c\air hockey\debug\b2collidecircle.obj
c:\users\ssuresh\dev\students\ch13\ssuresh\semester 1\prog 1 c\air hockey\debug\b2broadphase.obj
c:\users\ssuresh\dev\students\ch13\ssuresh\semester 1\prog 1 c\air hockey\debug\b2mousejoint.obj
c:\users\ssuresh\dev\students\ch13\ssuresh\semester 1\prog 1 c\air hockey\debug\b2motorjoint.obj
c:\users\ssuresh\dev\students\ch13\ssuresh\semester 1\prog 1 c\air hockey\debug\b2joint.obj
c:\users\ssuresh\dev\students\ch13\ssuresh\semester 1\prog 1 c\air hockey\debug\b2gearjoint.obj
c:\users\ssuresh\dev\students\ch13\ssuresh\semester 1\prog 1 c\air hockey\debug\b2frictionjoint.obj
c:\users\ssuresh\dev\students\ch13\ssuresh\semester 1\prog 1 c\air hockey\debug\b2distancejoint.obj
c:\users\ssuresh\dev\students\ch13\ssuresh\semester 1\prog 1 c\air hockey\debug\b2polygoncontact.obj
c:\users\ssuresh\dev\students\ch13\ssuresh\semester 1\prog 1 c\air hockey\debug\b2polygonandcirclecontact.obj
c:\users\ssuresh\dev\students\ch13\ssuresh\semester 1\prog 1 c\air hockey\debug\b2edgeandpolygoncontact.obj
c:\users\ssuresh\dev\students\ch13\ssuresh\semester 1\prog 1 c\air hockey\debug\b2edgeandcirclecontact.obj
c:\users\ssuresh\dev\students\ch13\ssuresh\semester 1\prog 1 c\air hockey\debug\b2contactsolver.obj
c:\users\ssuresh\dev\students\ch13\ssuresh\semester 1\prog 1 c\air hockey\debug\b2contact.obj
c:\users\ssuresh\dev\students\ch13\ssuresh\semester 1\prog 1 c\air hockey\debug\b2circlecontact.obj
c:\users\ssuresh\dev\students\ch13\ssuresh\semester 1\prog 1 c\air hockey\debug\b2chainandpolygoncontact.obj
c:\users\ssuresh\dev\students\ch13\ssuresh\semester 1\prog 1 c\air hockey\debug\b2chainandcirclecontact.obj
c:\users\ssuresh\dev\students\ch13\ssuresh\semester 1\prog 1 c\air hockey\debug\b2worldcallbacks.obj
c:\users\ssuresh\dev\students\ch13\ssuresh\semester 1\prog 1 c\air hockey\debug\b2world.obj
c:\users\ssuresh\dev\students\ch13\ssuresh\semester 1\prog 1 c\air hockey\debug\b2island.obj
c:\users\ssuresh\dev\students\ch13\ssuresh\semester 1\prog 1 c\air hockey\debug\b2fixture.obj
c:\users\ssuresh\dev\students\ch13\ssuresh\semester 1\prog 1 c\air hockey\debug\backgroundmanager.obj
c:\users\ssuresh\dev\students\ch13\ssuresh\semester 1\prog 1 c\air hockey\debug\scoremanager.obj
c:\users\ssuresh\dev\students\ch13\ssuresh\semester 1\prog 1 c\air hockey\debug\playermanager.obj
c:\users\ssuresh\dev\students\ch13\ssuresh\semester 1\prog 1 c\air hockey\debug\player.obj
c:\users\ssuresh\dev\students\ch13\ssuresh\semester 1\prog 1 c\air hockey\debug\physicsmanager.obj
c:\users\ssuresh\dev\students\ch13\ssuresh\semester 1\prog 1 c\air hockey\debug\openglstuff.obj
c:\users\ssuresh\dev\students\ch13\ssuresh\semester 1\prog 1 c\air hockey\debug\keyprocess.obj
c:\users\ssuresh\dev\students\ch13\ssuresh\semester 1\prog 1 c\air hockey\debug\b2rope.obj
c:\users\ssuresh\dev\students\ch13\ssuresh\semester 1\prog 1 c\air hockey\debug\b2wheeljoint.obj
c:\users\ssuresh\dev\students\ch13\ssuresh\semester 1\prog 1 c\air hockey\debug\b2weldjoint.obj
c:\users\ssuresh\dev\students\ch13\ssuresh\semester 1\prog 1 c\air hockey\debug\b2ropejoint.obj
c:\users\ssuresh\dev\students\ch13\ssuresh\semester 1\prog 1 c\air hockey\debug\b2revolutejoint.obj
c:\users\ssuresh\dev\students\ch13\ssuresh\semester 1\prog 1 c\air hockey\debug\b2pulleyjoint.obj
c:\users\ssuresh\dev\students\ch13\ssuresh\semester 1\prog 1 c\air hockey\debug\b2prismaticjoint.obj
c:\users\ssuresh\dev\students\ch13\ssuresh\semester 1\prog 1 c\air hockey\debug\openglframework.obj
c:\users\ssuresh\dev\students\ch13\ssuresh\semester 1\prog 1 c\opengl framework-sid\opengl framework\debug\opengl framework.ilk
c:\users\ssuresh\dev\students\ch13\ssuresh\semester 1\prog 1 c\opengl framework-sid\opengl framework\debug\opengl framework.exe
c:\users\ssuresh\dev\students\ch13\ssuresh\semester 1\prog 1 c\opengl framework-sid\opengl framework\debug\opengl framework.pdb
c:\users\ssuresh\dev\students\ch13\ssuresh\semester 1\prog 1 c\air hockey\debug\opengl framework.ilk
c:\users\ssuresh\dev\students\ch13\ssuresh\semester 1\prog 1 c\air hockey\debug\opengl framework.exe
c:\users\ssuresh\dev\students\ch13\ssuresh\semester 1\prog 1 c\air hockey\debug\opengl framework.pdb
c:\users\ssuresh\dev\students\ch13\ssuresh\semester 1\prog 1 c\air hockey\debug\ball.obj
c:\users\ssuresh\dev\students\ch13\ssuresh\semester 1\prog 1 c\air hockey\debug\ballmanager.obj
c:\users\ssuresh\dev\students\ch13\ssuresh\semester 1\prog 1 c\air hockey\debug\field.obj
c:\users\ssuresh\dev\students\ch13\ssuresh\semester 1\prog 1 c\air hockey\debug\fieldmanager.obj
c:\users\ssuresh\dev\students\ch13\ssuresh\semester 1\prog 1 c\air hockey\debug\inputmanager.obj
c:\users\ssuresh\dev\students\ch13\ssuresh\semester 1\prog 1 c\air hockey\debug\object.obj
c:\users\ssuresh\dev\students\ch13\ssuresh\semester 1\prog 1 c\air hockey\debug\random.obj
c:\users\ssuresh\dev\students\ch13\ssuresh\semester 1\prog 1 c\air hockey\debug\shapedraw.obj
c:\users\ssuresh\dev\students\ch13\ssuresh\semester 1\prog 1 c\air hockey\debug\spritedemomanager.obj
c:\users\ssuresh\dev\students\ch13\ssuresh\semester 1\prog 1 c\air hockey\debug\statemanager.obj
c:\users\ssuresh\dev\students\ch13\ssuresh\semester 1\prog 1 c\air hockey\debug\opengl framework.tlog\cl.command.1.tlog
c:\users\ssuresh\dev\students\ch13\ssuresh\semester 1\prog 1 c\air hockey\debug\opengl framework.tlog\cl.read.1.tlog
c:\users\ssuresh\dev\students\ch13\ssuresh\semester 1\prog 1 c\air hockey\debug\opengl framework.tlog\cl.write.1.tlog
c:\users\ssuresh\dev\students\ch13\ssuresh\semester 1\prog 1 c\air hockey\debug\opengl framework.tlog\link.command.1.tlog
c:\users\ssuresh\dev\students\ch13\ssuresh\semester 1\prog 1 c\air hockey\debug\opengl framework.tlog\link.read.1.tlog
c:\users\ssuresh\dev\students\ch13\ssuresh\semester 1\prog 1 c\air hockey\debug\opengl framework.tlog\link.write.1.tlog
